<?xml version="1.0" encoding="UTF-8"?>
<!-- Generated by org.testng.reporters.JUnitReportReporter -->
<testsuite hostname="L-000391" name="test1.login" tests="3" failures="0" timestamp="5 Aug 2016 12:43:19 GMT" time="27.156" errors="0">
  <testcase name="FailLoginAttemptInvalidUsername" time="7.721" classname="test1.login"/>
  <testcase name="LoginAttempt" time="10.089" classname="test1.login"/>
  <testcase name="FailLoginAttemptInvalidPassword" time="9.346" classname="test1.login"/>
</testsuite> <!-- test1.login -->
